<?xml version="1.0" encoding="UTF-8"?>
<testsuite xmlns:xsi="http://www.w3.org/2001/XMLSchema-instance" xsi:noNamespaceSchemaLocation="https://maven.apache.org/surefire/maven-surefire-plugin/xsd/surefire-test-report.xsd" name="com.math_lib.trigonometric_functions.AppTest" time="0.029" tests="41" errors="0" skipped="0" failures="0">
  <properties>
    <property name="java.specification.version" value="17"/>
    <property name="sun.cpu.isalist" value="amd64"/>
    <property name="sun.jnu.encoding" value="Cp1252"/>
    <property name="java.class.path" value="D:\University of Windsor\Term_1\ASE\Labs\Lab-3\Trigonometric Functions\trigonometric-functions\target\test-classes;D:\University of Windsor\Term_1\ASE\Labs\Lab-3\Trigonometric Functions\trigonometric-functions\target\classes;C:\Users\admin\.m2\repository\junit\junit\4.11\junit-4.11.jar;C:\Users\admin\.m2\repository\org\hamcrest\hamcrest-core\1.3\hamcrest-core-1.3.jar;"/>
    <property name="java.vm.vendor" value="Eclipse Adoptium"/>
    <property name="sun.arch.data.model" value="64"/>
    <property name="user.variant" value=""/>
    <property name="java.vendor.url" value="https://adoptium.net/"/>
    <property name="user.timezone" value="America/New_York"/>
    <property name="os.name" value="Windows 10"/>
    <property name="java.vm.specification.version" value="17"/>
    <property name="sun.java.launcher" value="SUN_STANDARD"/>
    <property name="user.country" value="IN"/>
    <property name="sun.boot.library.path" value="C:\Users\admin\.p2\pool\plugins\org.eclipse.justj.openjdk.hotspot.jre.full.win32.x86_64_17.0.4.v20220903-1038\jre\bin"/>
    <property name="sun.java.command" value="C:\Users\admin\AppData\Local\Temp\surefire4661662516421956837\surefirebooter16517728463200428552.jar C:\Users\admin\AppData\Local\Temp\surefire4661662516421956837 2022-11-11T21-43-01_898-jvmRun1 surefire16672566547002173113tmp surefire_015402762723069565171tmp"/>
    <property name="jdk.debug" value="release"/>
    <property name="surefire.test.class.path" value="D:\University of Windsor\Term_1\ASE\Labs\Lab-3\Trigonometric Functions\trigonometric-functions\target\test-classes;D:\University of Windsor\Term_1\ASE\Labs\Lab-3\Trigonometric Functions\trigonometric-functions\target\classes;C:\Users\admin\.m2\repository\junit\junit\4.11\junit-4.11.jar;C:\Users\admin\.m2\repository\org\hamcrest\hamcrest-core\1.3\hamcrest-core-1.3.jar;"/>
    <property name="sun.cpu.endian" value="little"/>
    <property name="user.home" value="C:\Users\admin"/>
    <property name="user.language" value="en"/>
    <property name="java.specification.vendor" value="Oracle Corporation"/>
    <property name="java.version.date" value="2022-08-12"/>
    <property name="java.home" value="C:\Users\admin\.p2\pool\plugins\org.eclipse.justj.openjdk.hotspot.jre.full.win32.x86_64_17.0.4.v20220903-1038\jre"/>
    <property name="file.separator" value="\"/>
    <property name="style.color" value="always"/>
    <property name="basedir" value="D:\University of Windsor\Term_1\ASE\Labs\Lab-3\Trigonometric Functions\trigonometric-functions"/>
    <property name="java.vm.compressedOopsMode" value="32-bit"/>
    <property name="line.separator" value="&#10;"/>
    <property name="java.vm.specification.vendor" value="Oracle Corporation"/>
    <property name="java.specification.name" value="Java Platform API Specification"/>
    <property name="surefire.real.class.path" value="C:\Users\admin\AppData\Local\Temp\surefire4661662516421956837\surefirebooter16517728463200428552.jar"/>
    <property name="user.script" value=""/>
    <property name="sun.management.compiler" value="HotSpot 64-Bit Tiered Compilers"/>
    <property name="java.runtime.version" value="17.0.4.1+1"/>
    <property name="user.name" value="admin"/>
    <property name="path.separator" value=";"/>
    <property name="os.version" value="10.0"/>
    <property name="java.runtime.name" value="OpenJDK Runtime Environment"/>
    <property name="file.encoding" value="Cp1252"/>
    <property name="java.vm.name" value="OpenJDK 64-Bit Server VM"/>
    <property name="java.vendor.version" value="Temurin-17.0.4.1+1"/>
    <property name="localRepository" value="C:\Users\admin\.m2\repository"/>
    <property name="java.vendor.url.bug" value="https://github.com/adoptium/adoptium-support/issues"/>
    <property name="java.io.tmpdir" value="C:\Users\admin\AppData\Local\Temp\"/>
    <property name="java.version" value="17.0.4.1"/>
    <property name="user.dir" value="D:\University of Windsor\Term_1\ASE\Labs\Lab-3\Trigonometric Functions\trigonometric-functions"/>
    <property name="os.arch" value="amd64"/>
    <property name="java.vm.specification.name" value="Java Virtual Machine Specification"/>
    <property name="sun.os.patch.level" value=""/>
    <property name="native.encoding" value="Cp1252"/>
    <property name="java.library.path" value="C:\Users\admin\.p2\pool\plugins\org.eclipse.justj.openjdk.hotspot.jre.full.win32.x86_64_17.0.4.v20220903-1038\jre\bin;C:\WINDOWS\Sun\Java\bin;C:\WINDOWS\system32;C:\WINDOWS;C:/Users/admin/.p2/pool/plugins/org.eclipse.justj.openjdk.hotspot.jre.full.win32.x86_64_17.0.4.v20220903-1038/jre/bin/server;C:/Users/admin/.p2/pool/plugins/org.eclipse.justj.openjdk.hotspot.jre.full.win32.x86_64_17.0.4.v20220903-1038/jre/bin;C:\Program Files (x86)\Common Files\Oracle\Java\javapath;C:\Program Files\Common Files\Oracle\Java\javapath;C:\WINDOWS\system32;C:\WINDOWS;C:\WINDOWS\System32\Wbem;C:\WINDOWS\System32\WindowsPowerShell\v1.0\;C:\WINDOWS\System32\OpenSSH\;F:\Apps\Node JS\;F:\Apps\Git Bash\Git\cmd;C:\WINDOWS\system32;C:\WINDOWS;C:\WINDOWS\System32\Wbem;C:\WINDOWS\System32\WindowsPowerShell\v1.0\;C:\WINDOWS\System32\OpenSSH\;C:\Program Files\MySQL\MySQL Shell 8.0\bin\;C:\Users\admin\AppData\Local\Microsoft\WindowsApps;;F:\Apps\Visual Studio Code\Microsoft VS Code\bin;C:\Users\admin\AppData\Roaming\npm;C:\WINDOWS\system32;;."/>
    <property name="java.vm.info" value="mixed mode"/>
    <property name="java.vendor" value="Eclipse Adoptium"/>
    <property name="java.vm.version" value="17.0.4.1+1"/>
    <property name="sun.io.unicode.encoding" value="UnicodeLittle"/>
    <property name="java.class.version" value="61.0"/>
  </properties>
  <testcase name="testTanN105" classname="com.math_lib.trigonometric_functions.AppTest" time="0.009"/>
  <testcase name="testTanN190" classname="com.math_lib.trigonometric_functions.AppTest" time="0"/>
  <testcase name="testTanN300" classname="com.math_lib.trigonometric_functions.AppTest" time="0"/>
  <testcase name="testCos45" classname="com.math_lib.trigonometric_functions.AppTest" time="0"/>
  <testcase name="testCos90" classname="com.math_lib.trigonometric_functions.AppTest" time="0"/>
  <testcase name="testSin45" classname="com.math_lib.trigonometric_functions.AppTest" time="0"/>
  <testcase name="testSin90" classname="com.math_lib.trigonometric_functions.AppTest" time="0"/>
  <testcase name="testTan45" classname="com.math_lib.trigonometric_functions.AppTest" time="0"/>
  <testcase name="testTan90" classname="com.math_lib.trigonometric_functions.AppTest" time="0"/>
  <testcase name="testCos0" classname="com.math_lib.trigonometric_functions.AppTest" time="0"/>
  <testcase name="testSin0" classname="com.math_lib.trigonometric_functions.AppTest" time="0"/>
  <testcase name="testTan0" classname="com.math_lib.trigonometric_functions.AppTest" time="0"/>
  <testcase name="testDegreeToRadian" classname="com.math_lib.trigonometric_functions.AppTest" time="0"/>
  <testcase name="testHandleRadian" classname="com.math_lib.trigonometric_functions.AppTest" time="0"/>
  <testcase name="testCosN105" classname="com.math_lib.trigonometric_functions.AppTest" time="0"/>
  <testcase name="testCosN190" classname="com.math_lib.trigonometric_functions.AppTest" time="0"/>
  <testcase name="testCosN300" classname="com.math_lib.trigonometric_functions.AppTest" time="0.001"/>
  <testcase name="testCos105" classname="com.math_lib.trigonometric_functions.AppTest" time="0"/>
  <testcase name="testCos180" classname="com.math_lib.trigonometric_functions.AppTest" time="0"/>
  <testcase name="testCos190" classname="com.math_lib.trigonometric_functions.AppTest" time="0"/>
  <testcase name="testCos270" classname="com.math_lib.trigonometric_functions.AppTest" time="0"/>
  <testcase name="testCos300" classname="com.math_lib.trigonometric_functions.AppTest" time="0"/>
  <testcase name="testCos360" classname="com.math_lib.trigonometric_functions.AppTest" time="0"/>
  <testcase name="testCosN45" classname="com.math_lib.trigonometric_functions.AppTest" time="0"/>
  <testcase name="testSinN105" classname="com.math_lib.trigonometric_functions.AppTest" time="0"/>
  <testcase name="testSinN190" classname="com.math_lib.trigonometric_functions.AppTest" time="0"/>
  <testcase name="testSinN300" classname="com.math_lib.trigonometric_functions.AppTest" time="0"/>
  <testcase name="testSin105" classname="com.math_lib.trigonometric_functions.AppTest" time="0"/>
  <testcase name="testSin180" classname="com.math_lib.trigonometric_functions.AppTest" time="0.001"/>
  <testcase name="testSin190" classname="com.math_lib.trigonometric_functions.AppTest" time="0"/>
  <testcase name="testSin270" classname="com.math_lib.trigonometric_functions.AppTest" time="0"/>
  <testcase name="testSin300" classname="com.math_lib.trigonometric_functions.AppTest" time="0"/>
  <testcase name="testSin360" classname="com.math_lib.trigonometric_functions.AppTest" time="0"/>
  <testcase name="testSinN45" classname="com.math_lib.trigonometric_functions.AppTest" time="0"/>
  <testcase name="testTan105" classname="com.math_lib.trigonometric_functions.AppTest" time="0"/>
  <testcase name="testTan180" classname="com.math_lib.trigonometric_functions.AppTest" time="0"/>
  <testcase name="testTan190" classname="com.math_lib.trigonometric_functions.AppTest" time="0"/>
  <testcase name="testTan270" classname="com.math_lib.trigonometric_functions.AppTest" time="0"/>
  <testcase name="testTan300" classname="com.math_lib.trigonometric_functions.AppTest" time="0"/>
  <testcase name="testTan360" classname="com.math_lib.trigonometric_functions.AppTest" time="0"/>
  <testcase name="testTanN45" classname="com.math_lib.trigonometric_functions.AppTest" time="0"/>
</testsuite>